#
# There is insufficient memory for the Java Runtime Environment to continue.
# Native memory allocation (mmap) failed to map 55050240 bytes for committing reserved memory.
# Possible reasons:
#   The system is out of physical RAM or swap space
#   In 32 bit mode, the process size limit was hit
# Possible solutions:
#   Reduce memory load on the system
#   Increase physical memory or swap space
#   Check if swap backing store is full
#   Use 64 bit Java on a 64 bit OS
#   Decrease Java heap size (-Xmx/-Xms)
#   Decrease number of Java threads
#   Decrease Java thread stack sizes (-Xss)
#   Set larger code cache with -XX:ReservedCodeCacheSize=
# This output file may be truncated or incomplete.
#
#  Out of Memory Error (os_linux.cpp:2640), pid=10314, tid=0x00007f9e18e8c700
#
# JRE version: Java(TM) SE Runtime Environment (8.0_144-b01) (build 1.8.0_144-b01)
# Java VM: Java HotSpot(TM) 64-Bit Server VM (25.144-b01 mixed mode linux-amd64 compressed oops)
# Failed to write core dump. Core dumps have been disabled. To enable core dumping, try "ulimit -c unlimited" before starting Java again
#

---------------  T H R E A D  ---------------

Current thread (0x00007f9e2c0fb000):  VMThread [stack: 0x00007f9e18d8c000,0x00007f9e18e8d000] [id=10320]

Stack: [0x00007f9e18d8c000,0x00007f9e18e8d000],  sp=0x00007f9e18e8b2c0,  free space=1020k
Native frames: (J=compiled Java code, j=interpreted, Vv=VM code, C=native code)
V  [libjvm.so+0xacb18a]  VMError::report_and_die()+0x2ba
V  [libjvm.so+0x4ff4db]  report_vm_out_of_memory(char const*, int, unsigned long, VMErrorType, char const*)+0x8b
V  [libjvm.so+0x927d23]  os::Linux::commit_memory_impl(char*, unsigned long, bool)+0x103
V  [libjvm.so+0x928279]  os::pd_commit_memory(char*, unsigned long, unsigned long, bool)+0x29
V  [libjvm.so+0x92249a]  os::commit_memory(char*, unsigned long, unsigned long, bool)+0x2a
V  [libjvm.so+0x996ff3]  PSVirtualSpace::expand_by(unsigned long)+0x53
V  [libjvm.so+0x9983f8]  PSYoungGen::resize_generation(unsigned long, unsigned long)+0xf8
V  [libjvm.so+0x997552]  PSYoungGen::resize(unsigned long, unsigned long)+0x22
V  [libjvm.so+0x99482b]  PSScavenge::invoke_no_policy()+0xf3b
V  [libjvm.so+0x98fad5]  PSParallelCompact::invoke(bool)+0x85
V  [libjvm.so+0x485f14]  CollectedHeap::collect_as_vm_thread(GCCause::Cause)+0x114
V  [libjvm.so+0xacc601]  VM_CollectForMetadataAllocation::doit()+0x161
V  [libjvm.so+0xad4685]  VM_Operation::evaluate()+0x55
V  [libjvm.so+0xad2a5a]  VMThread::evaluate_operation(VM_Operation*)+0xba
V  [libjvm.so+0xad2dde]  VMThread::loop()+0x1ce
V  [libjvm.so+0xad3250]  VMThread::run()+0x70
V  [libjvm.so+0x92a338]  java_start(Thread*)+0x108

VM_Operation (0x00007f9e35059690): CollectForMetadataAllocation, mode: safepoint, requested by thread 0x00007f9e2c00a000


---------------  P R O C E S S  ---------------

Java Threads: ( => current thread )
  0x00007f9e2cf04800 JavaThread "Tomcat JDBC Pool Cleaner[1808253012:1503807443320]" daemon [_thread_blocked, id=10330, stack(0x00007f9debcff000,0x00007f9debe00000)]
  0x00007f9e2c141800 JavaThread "Service Thread" daemon [_thread_blocked, id=10326, stack(0x00007f9e185fd000,0x00007f9e186fe000)]
  0x00007f9e2c13f000 JavaThread "C1 CompilerThread1" daemon [_thread_blocked, id=10325, stack(0x00007f9e186fe000,0x00007f9e187ff000)]
  0x00007f9e2c13c000 JavaThread "C2 CompilerThread0" daemon [_thread_blocked, id=10324, stack(0x00007f9e187ff000,0x00007f9e18900000)]
  0x00007f9e2c13a800 JavaThread "Signal Dispatcher" daemon [_thread_blocked, id=10323, stack(0x00007f9e18900000,0x00007f9e18a01000)]
  0x00007f9e2c107000 JavaThread "Finalizer" daemon [_thread_blocked, id=10322, stack(0x00007f9e18b8a000,0x00007f9e18c8b000)]
  0x00007f9e2c102800 JavaThread "Reference Handler" daemon [_thread_blocked, id=10321, stack(0x00007f9e18c8b000,0x00007f9e18d8c000)]
  0x00007f9e2c00a000 JavaThread "main" [_thread_blocked, id=10317, stack(0x00007f9e34f61000,0x00007f9e35062000)]

Other Threads:
=>0x00007f9e2c0fb000 VMThread [stack: 0x00007f9e18d8c000,0x00007f9e18e8d000] [id=10320]
  0x00007f9e2c144800 WatcherThread [stack: 0x00007f9e184fc000,0x00007f9e185fd000] [id=10327]

VM state:at safepoint (normal execution)

VM Mutex/Monitor currently owned by a thread:  ([mutex/lock_event])
[0x00007f9e2c006230] Threads_lock - owner thread: 0x00007f9e2c0fb000
[0x00007f9e2c006730] Heap_lock - owner thread: 0x00007f9e2c00a000

Heap:
 PSYoungGen      total 233472K, used 11768K [0x00000000d6600000, 0x00000000e7a80000, 0x0000000100000000)
  eden space 221696K, 0% used [0x00000000d6600000,0x00000000d6600000,0x00000000e3e80000)
  from space 11776K, 99% used [0x00000000e6380000,0x00000000e6efe360,0x00000000e6f00000)
  to   space 9728K, 0% used [0x00000000e7100000,0x00000000e7100000,0x00000000e7a80000)
 ParOldGen       total 60928K, used 15340K [0x0000000083200000, 0x0000000086d80000, 0x00000000d6600000)
  object space 60928K, 25% used [0x0000000083200000,0x00000000840fb250,0x0000000086d80000)
 Metaspace       used 35007K, capacity 35270K, committed 35456K, reserved 1079296K
  class space    used 4510K, capacity 4617K, committed 4736K, reserved 1048576K

Card table byte_map: [0x00007f9e31916000,0x00007f9e31cfe000] byte_map_base: 0x00007f9e314fd000

Marking Bits: (ParMarkBitMap*) 0x00007f9e34427dc0
 Begin Bits: [0x00007f9e19190000, 0x00007f9e1b0c8000)
 End Bits:   [0x00007f9e1b0c8000, 0x00007f9e1d000000)

Polling page: 0x00007f9e35071000

CodeCache: size=245760Kb used=10807Kb max_used=10818Kb free=234952Kb
 bounds [0x00007f9e1d000000, 0x00007f9e1daa0000, 0x00007f9e2c000000]
 total_blobs=3612 nmethods=3163 adapters=362
 compilation: enabled

Compilation events (10 events):
Event: 4.933 Thread 0x00007f9e2c13c000 nmethod 3179 0x00007f9e1da938d0 code [0x00007f9e1da93b40, 0x00007f9e1da953d0]
Event: 4.933 Thread 0x00007f9e2c13c000 3180       4       java.util.zip.InflaterInputStream::<init> (79 bytes)
Event: 4.935 Thread 0x00007f9e2c13c000 nmethod 3180 0x00007f9e1da6ae50 code [0x00007f9e1da6afc0, 0x00007f9e1da6b2d8]
Event: 4.937 Thread 0x00007f9e2c13c000 3181       4       java.net.URLStreamHandler::parseURL (1193 bytes)
Event: 4.941 Thread 0x00007f9e2c13f000 3182       3       org.slf4j.impl.StaticLoggerBinder::getSingleton (4 bytes)
Event: 4.942 Thread 0x00007f9e2c13f000 nmethod 3182 0x00007f9e1da6ff90 code [0x00007f9e1da700e0, 0x00007f9e1da70210]
Event: 4.942 Thread 0x00007f9e2c13f000 3183       3       org.slf4j.impl.StaticLoggerBinder::getLoggerFactory (45 bytes)
Event: 4.942 Thread 0x00007f9e2c13f000 nmethod 3183 0x00007f9e1da6f8d0 code [0x00007f9e1da6fa60, 0x00007f9e1da6fe28]
Event: 4.950 Thread 0x00007f9e2c13f000 3184       3       ch.qos.logback.classic.LoggerContext::getLogger (6 bytes)
Event: 4.950 Thread 0x00007f9e2c13f000 nmethod 3184 0x00007f9e1da6f4d0 code [0x00007f9e1da6f640, 0x00007f9e1da6f848]

GC Heap History (10 events):
Event: 2.074 GC heap after
Heap after GC invocations=5 (full 0):
 PSYoungGen      total 70656K, used 5108K [0x00000000d6600000, 0x00000000dfe00000, 0x0000000100000000)
  eden space 65536K, 0% used [0x00000000d6600000,0x00000000d6600000,0x00000000da600000)
  from space 5120K, 99% used [0x00000000da600000,0x00000000daafd230,0x00000000dab00000)
  to   space 12288K, 0% used [0x00000000df200000,0x00000000df200000,0x00000000dfe00000)
 ParOldGen       total 86016K, used 12345K [0x0000000083200000, 0x0000000088600000, 0x00000000d6600000)
  object space 86016K, 14% used [0x0000000083200000,0x0000000083e0e600,0x0000000088600000)
 Metaspace       used 19914K, capacity 20072K, committed 20224K, reserved 1067008K
  class space    used 2500K, capacity 2544K, committed 2560K, reserved 1048576K
}
Event: 2.449 GC heap before
{Heap before GC invocations=6 (full 0):
 PSYoungGen      total 70656K, used 70644K [0x00000000d6600000, 0x00000000dfe00000, 0x0000000100000000)
  eden space 65536K, 100% used [0x00000000d6600000,0x00000000da600000,0x00000000da600000)
  from space 5120K, 99% used [0x00000000da600000,0x00000000daafd230,0x00000000dab00000)
  to   space 12288K, 0% used [0x00000000df200000,0x00000000df200000,0x00000000dfe00000)
 ParOldGen       total 86016K, used 12345K [0x0000000083200000, 0x0000000088600000, 0x00000000d6600000)
  object space 86016K, 14% used [0x0000000083200000,0x0000000083e0e600,0x0000000088600000)
 Metaspace       used 20677K, capacity 20884K, committed 21120K, reserved 1067008K
  class space    used 2590K, capacity 2642K, committed 2688K, reserved 1048576K
Event: 2.464 GC heap after
Heap after GC invocations=6 (full 0):
 PSYoungGen      total 142336K, used 7823K [0x00000000d6600000, 0x00000000dfd00000, 0x0000000100000000)
  eden space 131072K, 0% used [0x00000000d6600000,0x00000000d6600000,0x00000000de600000)
  from space 11264K, 69% used [0x00000000df200000,0x00000000df9a3cb8,0x00000000dfd00000)
  to   space 11776K, 0% used [0x00000000de600000,0x00000000de600000,0x00000000df180000)
 ParOldGen       total 86016K, used 12345K [0x0000000083200000, 0x0000000088600000, 0x00000000d6600000)
  object space 86016K, 14% used [0x0000000083200000,0x0000000083e0e600,0x0000000088600000)
 Metaspace       used 20677K, capacity 20884K, committed 21120K, reserved 1067008K
  class space    used 2590K, capacity 2642K, committed 2688K, reserved 1048576K
}
Event: 2.606 GC heap before
{Heap before GC invocations=7 (full 0):
 PSYoungGen      total 142336K, used 48151K [0x00000000d6600000, 0x00000000dfd00000, 0x0000000100000000)
  eden space 131072K, 30% used [0x00000000d6600000,0x00000000d8d621d0,0x00000000de600000)
  from space 11264K, 69% used [0x00000000df200000,0x00000000df9a3cb8,0x00000000dfd00000)
  to   space 11776K, 0% used [0x00000000de600000,0x00000000de600000,0x00000000df180000)
 ParOldGen       total 86016K, used 12345K [0x0000000083200000, 0x0000000088600000, 0x00000000d6600000)
  object space 86016K, 14% used [0x0000000083200000,0x0000000083e0e600,0x0000000088600000)
 Metaspace       used 21027K, capacity 21202K, committed 21296K, reserved 1069056K
  class space    used 2636K, capacity 2679K, committed 2688K, reserved 1048576K
Event: 2.620 GC heap after
Heap after GC invocations=7 (full 0):
 PSYoungGen      total 142848K, used 7212K [0x00000000d6600000, 0x00000000e7c00000, 0x0000000100000000)
  eden space 131072K, 0% used [0x00000000d6600000,0x00000000d6600000,0x00000000de600000)
  from space 11776K, 61% used [0x00000000de600000,0x00000000ded0b340,0x00000000df180000)
  to   space 11264K, 0% used [0x00000000e7100000,0x00000000e7100000,0x00000000e7c00000)
 ParOldGen       total 86016K, used 13914K [0x0000000083200000, 0x0000000088600000, 0x00000000d6600000)
  object space 86016K, 16% used [0x0000000083200000,0x0000000083f96ae8,0x0000000088600000)
 Metaspace       used 21027K, capacity 21202K, committed 21296K, reserved 1069056K
  class space    used 2636K, capacity 2679K, committed 2688K, reserved 1048576K
}
Event: 2.620 GC heap before
{Heap before GC invocations=8 (full 1):
 PSYoungGen      total 142848K, used 7212K [0x00000000d6600000, 0x00000000e7c00000, 0x0000000100000000)
  eden space 131072K, 0% used [0x00000000d6600000,0x00000000d6600000,0x00000000de600000)
  from space 11776K, 61% used [0x00000000de600000,0x00000000ded0b340,0x00000000df180000)
  to   space 11264K, 0% used [0x00000000e7100000,0x00000000e7100000,0x00000000e7c00000)
 ParOldGen       total 86016K, used 13914K [0x0000000083200000, 0x0000000088600000, 0x00000000d6600000)
  object space 86016K, 16% used [0x0000000083200000,0x0000000083f96ae8,0x0000000088600000)
 Metaspace       used 21027K, capacity 21202K, committed 21296K, reserved 1069056K
  class space    used 2636K, capacity 2679K, committed 2688K, reserved 1048576K
Event: 2.659 GC heap after
Heap after GC invocations=8 (full 1):
 PSYoungGen      total 142848K, used 0K [0x00000000d6600000, 0x00000000e7c00000, 0x0000000100000000)
  eden space 131072K, 0% used [0x00000000d6600000,0x00000000d6600000,0x00000000de600000)
  from space 11776K, 0% used [0x00000000de600000,0x00000000de600000,0x00000000df180000)
  to   space 11264K, 0% used [0x00000000e7100000,0x00000000e7100000,0x00000000e7c00000)
 ParOldGen       total 60928K, used 13118K [0x0000000083200000, 0x0000000086d80000, 0x00000000d6600000)
  object space 60928K, 21% used [0x0000000083200000,0x0000000083ecfab8,0x0000000086d80000)
 Metaspace       used 21027K, capacity 21202K, committed 21296K, reserved 1069056K
  class space    used 2636K, capacity 2679K, committed 2688K, reserved 1048576K
}
Event: 3.501 GC heap before
{Heap before GC invocations=9 (full 1):
 PSYoungGen      total 142848K, used 131072K [0x00000000d6600000, 0x00000000e7c00000, 0x0000000100000000)
  eden space 131072K, 100% used [0x00000000d6600000,0x00000000de600000,0x00000000de600000)
  from space 11776K, 0% used [0x00000000de600000,0x00000000de600000,0x00000000df180000)
  to   space 11264K, 0% used [0x00000000e7100000,0x00000000e7100000,0x00000000e7c00000)
 ParOldGen       total 60928K, used 13118K [0x0000000083200000, 0x0000000086d80000, 0x00000000d6600000)
  object space 60928K, 21% used [0x0000000083200000,0x0000000083ecfab8,0x0000000086d80000)
 Metaspace       used 23897K, capacity 24162K, committed 24448K, reserved 1071104K
  class space    used 3046K, capacity 3103K, committed 3200K, reserved 1048576K
Event: 3.511 GC heap after
Heap after GC invocations=9 (full 1):
 PSYoungGen      total 231424K, used 9609K [0x00000000d6600000, 0x00000000e7a80000, 0x0000000100000000)
  eden space 221696K, 0% used [0x00000000d6600000,0x00000000d6600000,0x00000000e3e80000)
  from space 9728K, 98% used [0x00000000e7100000,0x00000000e7a627a0,0x00000000e7a80000)
  to   space 11776K, 0% used [0x00000000e6380000,0x00000000e6380000,0x00000000e6f00000)
 ParOldGen       total 60928K, used 13126K [0x0000000083200000, 0x0000000086d80000, 0x00000000d6600000)
  object space 60928K, 21% used [0x0000000083200000,0x0000000083ed1ab8,0x0000000086d80000)
 Metaspace       used 23897K, capacity 24162K, committed 24448K, reserved 1071104K
  class space    used 3046K, capacity 3103K, committed 3200K, reserved 1048576K
}
Event: 4.956 GC heap before
{Heap before GC invocations=10 (full 1):
 PSYoungGen      total 231424K, used 210166K [0x00000000d6600000, 0x00000000e7a80000, 0x0000000100000000)
  eden space 221696K, 90% used [0x00000000d6600000,0x00000000e29db250,0x00000000e3e80000)
  from space 9728K, 98% used [0x00000000e7100000,0x00000000e7a627a0,0x00000000e7a80000)
  to   space 11776K, 0% used [0x00000000e6380000,0x00000000e6380000,0x00000000e6f00000)
 ParOldGen       total 60928K, used 13126K [0x0000000083200000, 0x0000000086d80000, 0x00000000d6600000)
  object space 60928K, 21% used [0x0000000083200000,0x0000000083ed1ab8,0x0000000086d80000)
 Metaspace       used 35007K, capacity 35270K, committed 35456K, reserved 1079296K
  class space    used 4510K, capacity 4617K, committed 4736K, reserved 1048576K

Deoptimization events (10 events):
Event: 3.810 Thread 0x00007f9e2c00a000 Uncommon trap: reason=unstable_if action=reinterpret pc=0x00007f9e1d4ed018 method=java.util.concurrent.ConcurrentHashMap.get(Ljava/lang/Object;)Ljava/lang/Object; @ 76
Event: 3.810 Thread 0x00007f9e2c00a000 Uncommon trap: reason=class_check action=maybe_recompile pc=0x00007f9e1d3da7fc method=java.util.concurrent.ConcurrentHashMap.putVal(Ljava/lang/Object;Ljava/lang/Object;Z)Ljava/lang/Object; @ 192
Event: 3.810 Thread 0x00007f9e2c00a000 Uncommon trap: reason=class_check action=maybe_recompile pc=0x00007f9e1d3da7fc method=java.util.concurrent.ConcurrentHashMap.putVal(Ljava/lang/Object;Ljava/lang/Object;Z)Ljava/lang/Object; @ 192
Event: 3.815 Thread 0x00007f9e2c00a000 Uncommon trap: reason=class_check action=maybe_recompile pc=0x00007f9e1d3da7fc method=java.util.concurrent.ConcurrentHashMap.putVal(Ljava/lang/Object;Ljava/lang/Object;Z)Ljava/lang/Object; @ 192
Event: 3.815 Thread 0x00007f9e2c00a000 Uncommon trap: reason=class_check action=maybe_recompile pc=0x00007f9e1d3da7fc method=java.util.concurrent.ConcurrentHashMap.putVal(Ljava/lang/Object;Ljava/lang/Object;Z)Ljava/lang/Object; @ 192
Event: 3.891 Thread 0x00007f9e2c00a000 Uncommon trap: reason=unstable_if action=reinterpret pc=0x00007f9e1d62d420 method=java.util.regex.Pattern$CharProperty$1.isSatisfiedBy(I)Z @ 8
Event: 3.891 Thread 0x00007f9e2c00a000 Uncommon trap: reason=unstable_if action=reinterpret pc=0x00007f9e1d5eece0 method=java.util.regex.Pattern$CharProperty$1.isSatisfiedBy(I)Z @ 8
Event: 3.958 Thread 0x00007f9e2c00a000 Uncommon trap: reason=predicate action=maybe_recompile pc=0x00007f9e1d35663c method=java.lang.String.regionMatches(ZILjava/lang/String;II)Z @ 63
Event: 3.966 Thread 0x00007f9e2c00a000 Uncommon trap: reason=unstable_if action=reinterpret pc=0x00007f9e1d67b50c method=java.lang.Class.searchMethods([Ljava/lang/reflect/Method;Ljava/lang/String;[Ljava/lang/Class;)Ljava/lang/reflect/Method; @ 47
Event: 4.429 Thread 0x00007f9e2c00a000 Uncommon trap: reason=unstable_if action=reinterpret pc=0x00007f9e1d57d318 method=java.lang.ClassLoader.getClassLoadingLock(Ljava/lang/String;)Ljava/lang/Object; @ 6

Internal exceptions (10 events):
Event: 3.967 Thread 0x00007f9e2c00a000 Exception <a 'java/lang/ClassNotFoundException': org/springframework/orm/jpa/vendor/AbstractJpaVendorAdapterCustomizer> (0x00000000db7422a8) thrown at [/HUDSON3/workspace/8-2-build-linux-amd64/jdk8u144/9417/hotspot/src/share/vm/classfile/systemDictionary.
Event: 3.967 Thread 0x00007f9e2c00a000 Exception <a 'java/lang/ClassNotFoundException': org/springframework/orm/jpa/vendor/HibernateJpaVendorAdapterCustomizer> (0x00000000db77b2c8) thrown at [/HUDSON3/workspace/8-2-build-linux-amd64/jdk8u144/9417/hotspot/src/share/vm/classfile/systemDictionary
Event: 3.972 Thread 0x00007f9e2c00a000 Exception <a 'java/lang/ClassNotFoundException': java/lang/ObjectCustomizer> (0x00000000db7d4a08) thrown at [/HUDSON3/workspace/8-2-build-linux-amd64/jdk8u144/9417/hotspot/src/share/vm/classfile/systemDictionary.cpp, line 210]
Event: 3.972 Thread 0x00007f9e2c00a000 Exception <a 'java/lang/ClassNotFoundException': org/springframework/boot/orm/jpa/EntityManagerFactoryBuilderCustomizer> (0x00000000db803710) thrown at [/HUDSON3/workspace/8-2-build-linux-amd64/jdk8u144/9417/hotspot/src/share/vm/classfile/systemDictionary
Event: 4.143 Thread 0x00007f9e2c00a000 Exception <a 'java/lang/ClassNotFoundException': java/lang/ObjectCustomizer> (0x00000000dccecaa0) thrown at [/HUDSON3/workspace/8-2-build-linux-amd64/jdk8u144/9417/hotspot/src/share/vm/classfile/systemDictionary.cpp, line 210]
Event: 4.143 Thread 0x00007f9e2c00a000 Exception <a 'java/lang/ClassNotFoundException': org/springframework/orm/jpa/AbstractEntityManagerFactoryBeanCustomizer> (0x00000000dcd1a070) thrown at [/HUDSON3/workspace/8-2-build-linux-amd64/jdk8u144/9417/hotspot/src/share/vm/classfile/systemDictionary
Event: 4.144 Thread 0x00007f9e2c00a000 Exception <a 'java/lang/ClassNotFoundException': org/springframework/orm/jpa/LocalContainerEntityManagerFactoryBeanCustomizer> (0x00000000dcd72728) thrown at [/HUDSON3/workspace/8-2-build-linux-amd64/jdk8u144/9417/hotspot/src/share/vm/classfile/systemDict
Event: 4.368 Thread 0x00007f9e2c00a000 Exception <a 'java/lang/NoSuchFieldError': method resolution failed> (0x00000000de2d21c8) thrown at [/HUDSON3/workspace/8-2-build-linux-amd64/jdk8u144/9417/hotspot/src/share/vm/prims/methodHandles.cpp, line 1146]
Event: 4.369 Thread 0x00007f9e2c00a000 Exception <a 'java/lang/NoSuchFieldError': method resolution failed> (0x00000000de2dfc58) thrown at [/HUDSON3/workspace/8-2-build-linux-amd64/jdk8u144/9417/hotspot/src/share/vm/prims/methodHandles.cpp, line 1146]
Event: 4.606 Thread 0x00007f9e2c00a000 Exception <a 'java/lang/NullPointerException'> (0x00000000e01b5298) thrown at [/HUDSON3/workspace/8-2-build-linux-amd64/jdk8u144/9417/hotspot/src/share/vm/runtime/reflection.cpp, line 922]

Events (10 events):
Event: 4.953 loading class org/hibernate/event/spi/PostCommitUpdateEventListener done
Event: 4.954 loading class org/hibernate/event/internal/DefaultPostLoadEventListener
Event: 4.954 loading class org/hibernate/event/internal/DefaultPostLoadEventListener done
Event: 4.954 loading class org/hibernate/action/spi/BeforeTransactionCompletionProcess
Event: 4.954 loading class org/hibernate/action/spi/BeforeTransactionCompletionProcess done
Event: 4.954 loading class org/hibernate/event/internal/DefaultUpdateEventListener
Event: 4.954 loading class org/hibernate/event/internal/DefaultUpdateEventListener done
Event: 4.954 loading class org/hibernate/event/internal/DefaultSaveOrUpdateEventListener
Event: 4.954 loading class org/hibernate/event/internal/DefaultSaveOrUpdateEventListener done
Event: 4.955 Executing VM operation: CollectForMetadataAllocation


Dynamic libraries:
00400000-00401000 r-xp 00000000 08:01 409884                             /usr/lib/jvm/java-8-oracle/jre/bin/java
00600000-00601000 rw-p 00000000 08:01 409884                             /usr/lib/jvm/java-8-oracle/jre/bin/java
021ad000-021ce000 rw-p 00000000 00:00 0                                  [heap]
83200000-86d80000 rw-p 00000000 00:00 0 
86d80000-d6600000 ---p 00000000 00:00 0 
d6600000-e7a80000 rw-p 00000000 00:00 0 
eaf00000-100000000 ---p 00000000 00:00 0 
100000000-1004a0000 rw-p 00000000 00:00 0 
1004a0000-140000000 ---p 00000000 00:00 0 
7f9de4000000-7f9de435f000 rw-p 00000000 00:00 0 
7f9de435f000-7f9de8000000 ---p 00000000 00:00 0 
7f9de9d99000-7f9de9f99000 rw-p 00000000 00:00 0 
7f9dea2ca000-7f9dea4ca000 rw-p 00000000 00:00 0 
7f9dea4ca000-7f9dea6ca000 rw-p 00000000 00:00 0 
7f9dea6ca000-7f9dea8ca000 rw-p 00000000 00:00 0 
7f9dea8ca000-7f9deaaca000 rw-p 00000000 00:00 0 
7f9deaaca000-7f9deacca000 rw-p 00000000 00:00 0 
7f9deacca000-7f9deaeca000 rw-p 00000000 00:00 0 
7f9deaeca000-7f9deaedb000 r-xp 00000000 08:01 410214                     /usr/lib/jvm/java-8-oracle/jre/lib/amd64/libnio.so
7f9deaedb000-7f9deb0da000 ---p 00011000 08:01 410214                     /usr/lib/jvm/java-8-oracle/jre/lib/amd64/libnio.so
7f9deb0da000-7f9deb0db000 rw-p 00010000 08:01 410214                     /usr/lib/jvm/java-8-oracle/jre/lib/amd64/libnio.so
7f9deb0db000-7f9deb2db000 rw-p 00000000 00:00 0 
7f9deb2db000-7f9deb4db000 rw-p 00000000 00:00 0 
7f9deb4db000-7f9deb4e4000 r-xp 00000000 08:01 410188                     /usr/lib/jvm/java-8-oracle/jre/lib/amd64/libmanagement.so
7f9deb4e4000-7f9deb6e3000 ---p 00009000 08:01 410188                     /usr/lib/jvm/java-8-oracle/jre/lib/amd64/libmanagement.so
7f9deb6e3000-7f9deb6e4000 rw-p 00008000 08:01 410188                     /usr/lib/jvm/java-8-oracle/jre/lib/amd64/libmanagement.so
7f9deb6e4000-7f9deb8e4000 rw-p 00000000 00:00 0 
7f9deb8e4000-7f9deb8e7000 r-xp 00000000 08:01 59140                      /lib/x86_64-linux-gnu/libnss_myhostname.so.2
7f9deb8e7000-7f9debae6000 ---p 00003000 08:01 59140                      /lib/x86_64-linux-gnu/libnss_myhostname.so.2
7f9debae6000-7f9debae7000 r--p 00002000 08:01 59140                      /lib/x86_64-linux-gnu/libnss_myhostname.so.2
7f9debae7000-7f9debae8000 rw-p 00003000 08:01 59140                      /lib/x86_64-linux-gnu/libnss_myhostname.so.2
7f9debae8000-7f9debafe000 r-xp 00000000 08:01 410208                     /usr/lib/jvm/java-8-oracle/jre/lib/amd64/libnet.so
7f9debafe000-7f9debcfe000 ---p 00016000 08:01 410208                     /usr/lib/jvm/java-8-oracle/jre/lib/amd64/libnet.so
7f9debcfe000-7f9debcff000 rw-p 00016000 08:01 410208                     /usr/lib/jvm/java-8-oracle/jre/lib/amd64/libnet.so
7f9debcff000-7f9debd02000 ---p 00000000 00:00 0 
7f9debd02000-7f9dec000000 rw-p 00000000 00:00 0                          [stack:10330]
7f9dec000000-7f9dec021000 rw-p 00000000 00:00 0 
7f9dec021000-7f9df0000000 ---p 00000000 00:00 0 
7f9df0000000-7f9df00dd000 rw-p 00000000 00:00 0 
7f9df00dd000-7f9df4000000 ---p 00000000 00:00 0 
7f9df4000000-7f9df5570000 rw-p 00000000 00:00 0 
7f9df5570000-7f9df8000000 ---p 00000000 00:00 0 
7f9df8000000-7f9df8021000 rw-p 00000000 00:00 0 
7f9df8021000-7f9dfc000000 ---p 00000000 00:00 0 
7f9dfc000000-7f9dfc021000 rw-p 00000000 00:00 0 
7f9dfc021000-7f9e00000000 ---p 00000000 00:00 0 
7f9e00000000-7f9e01715000 rw-p 00000000 00:00 0 
7f9e01715000-7f9e04000000 ---p 00000000 00:00 0 
7f9e04000000-7f9e04021000 rw-p 00000000 00:00 0 
7f9e04021000-7f9e08000000 ---p 00000000 00:00 0 
7f9e08000000-7f9e08021000 rw-p 00000000 00:00 0 
7f9e08021000-7f9e0c000000 ---p 00000000 00:00 0 
7f9e0c000000-7f9e0c021000 rw-p 00000000 00:00 0 
7f9e0c021000-7f9e10000000 ---p 00000000 00:00 0 
7f9e10000000-7f9e10295000 rw-p 00000000 00:00 0 
7f9e10295000-7f9e14000000 ---p 00000000 00:00 0 
7f9e14000000-7f9e14034000 rw-p 00000000 00:00 0 
7f9e14034000-7f9e18000000 ---p 00000000 00:00 0 
7f9e18060000-7f9e18061000 rw-p 00000000 00:00 0 
7f9e18061000-7f9e18066000 r--s 0009a000 08:01 409912                     /usr/lib/jvm/java-8-oracle/jre/lib/jsse.jar
7f9e18066000-7f9e1806b000 r--s 002f9000 08:01 409895                     /usr/lib/jvm/java-8-oracle/jre/lib/charsets.jar
7f9e1806b000-7f9e1806e000 ---p 00000000 00:00 0 
7f9e1806e000-7f9e1816c000 rw-p 00000000 00:00 0 
7f9e1816c000-7f9e1816e000 r--s 0000f000 08:01 928739                     /home/vagrant/.m2/repository/org/apache/maven/surefire/surefire-junit4/2.18.1/surefire-junit4-2.18.1.jar
7f9e1816e000-7f9e18184000 r--s 000fe000 08:01 1319005                    /home/vagrant/.m2/repository/org/assertj/assertj-core/3.6.2/assertj-core-3.6.2.jar
7f9e18184000-7f9e18192000 r--s 0007c000 08:01 1586257                    /home/vagrant/.m2/repository/org/springframework/spring-test/4.2.2.RELEASE/spring-test-4.2.2.RELEASE.jar
7f9e18192000-7f9e181a7000 r--s 000f2000 08:01 1450285                    /home/vagrant/.m2/repository/org/springframework/spring-core/4.2.3.RELEASE/spring-core-4.2.3.RELEASE.jar
7f9e181a7000-7f9e181a8000 r--s 0000c000 08:01 1585857                    /home/vagrant/.m2/repository/org/hamcrest/hamcrest-library/1.3/hamcrest-library-1.3.jar
7f9e181a8000-7f9e181aa000 r--s 00009000 08:01 1189790                    /home/vagrant/.m2/repository/org/hamcrest/hamcrest-core/1.3/hamcrest-core-1.3.jar
7f9e181aa000-7f9e181ac000 r--s 00009000 08:01 1585842                    /home/vagrant/.m2/repository/org/objenesis/objenesis/2.1/objenesis-2.1.jar
7f9e181ac000-7f9e181c8000 r--s 00103000 08:01 1585834                    /home/vagrant/.m2/repository/org/mockito/mockito-core/1.10.19/mockito-core-1.10.19.jar
7f9e181c8000-7f9e181d0000 r--s 00045000 08:01 532206                     /home/vagrant/.m2/repository/junit/junit/4.12/junit-4.12.jar
7f9e181d0000-7f9e181d1000 r--s 00000000 08:01 1586279                    /home/vagrant/.m2/repository/org/springframework/boot/spring-boot-starter-test/1.3.0.RELEASE/spring-boot-starter-test-1.3.0.RELEASE.jar
7f9e181d1000-7f9e181df000 r--s 00194000 08:01 1450479                    /home/vagrant/.m2/repository/com/h2database/h2/1.4.190/h2-1.4.190.jar
7f9e181df000-7f9e181f3000 r--s 0013c000 08:01 1453580                    /home/vagrant/.m2/repository/org/projectlombok/lombok/1.16.6/lombok-1.16.6.jar
7f9e181f3000-7f9e18204000 r--s 0010d000 08:01 1450287                    /home/vagrant/.m2/repository/com/fasterxml/jackson/core/jackson-databind/2.6.3/jackson-databind-2.6.3.jar
7f9e18204000-7f9e18207000 r--s 00009000 08:01 1450311                    /home/vagrant/.m2/repository/com/fasterxml/jackson/core/jackson-annotations/2.6.3/jackson-annotations-2.6.3.jar
7f9e18207000-7f9e18208000 r--s 00000000 08:01 1450688                    /home/vagrant/.m2/repository/org/springframework/boot/spring-boot-starter-data-rest/1.3.0.RELEASE/spring-boot-starter-data-rest-1.3.0.RELEASE.jar
7f9e18208000-7f9e1820a000 r--s 00003000 08:01 1450298                    /home/vagrant/.m2/repository/org/slf4j/jcl-over-slf4j/1.7.13/jcl-over-slf4j-1.7.13.jar
7f9e1820a000-7f9e1820c000 r--s 00007000 08:01 1450301                    /home/vagrant/.m2/repository/org/slf4j/slf4j-api/1.7.13/slf4j-api-1.7.13.jar
7f9e1820c000-7f9e1820d000 r--s 00002000 08:01 1450705                    /home/vagrant/.m2/repository/com/github/fge/btf/1.2/btf-1.2.jar
7f9e1820d000-7f9e1820f000 r--s 00008000 08:01 1450704                    /home/vagrant/.m2/repository/com/github/fge/msg-simple/1.1/msg-simple-1.1.jar
7f9e1820f000-7f9e18211000 r--s 00006000 08:01 1450701                    /home/vagrant/.m2/repository/com/github/fge/jackson-coreutils/1.6/jackson-coreutils-1.6.jar
7f9e18211000-7f9e18213000 r--s 00009000 08:01 1450698                    /home/vagrant/.m2/repository/com/github/fge/json-patch/1.7/json-patch-1.7.jar
7f9e18213000-7f9e18215000 r--s 00002000 08:01 927813                     /home/vagrant/.m2/repository/org/atteo/evo-inflector/1.2.1/evo-inflector-1.2.1.jar
7f9e18215000-7f9e18216000 r--s 00004000 08:01 1450696                    /home/vagrant/.m2/repository/org/springframework/plugin/spring-plugin-core/1.2.0.RELEASE/spring-plugin-core-1.2.0.RELEASE.jar
7f9e18216000-7f9e1821b000 r--s 00027000 08:01 1450692                    /home/vagrant/.m2/repository/org/springframework/hateoas/spring-hateoas/0.19.0.RELEASE/spring-hateoas-0.19.0.RELEASE.jar
7f9e1821b000-7f9e1821f000 r--s 00017000 08:01 1453828                    /home/vagrant/.m2/repository/org/springframework/data/spring-data-rest-core/2.4.0.RELEASE/spring-data-rest-core-2.4.0.RELEASE.jar
7f9e1821f000-7f9e18224000 r--s 00033000 08:01 1453824                    /home/vagrant/.m2/repository/org/springframework/data/spring-data-rest-webmvc/2.4.0.RELEASE/spring-data-rest-webmvc-2.4.0.RELEASE.jar
7f9e18224000-7f9e18226000 r--s 00058000 08:01 1453825                    /home/vagrant/.m2/repository/org/springframework/data/spring-data-rest-hal-browser/2.4.0.RELEASE/spring-data-rest-hal-browser-2.4.0.RELEASE.jar
7f9e18226000-7f9e18229000 r--s 0000c000 08:01 1453822                    /home/vagrant/.m2/repository/org/springframework/spring-aspects/4.2.2.RELEASE/spring-aspects-4.2.2.RELEASE.jar
7f9e18229000-7f9e18237000 r--s 000a5000 08:01 1318829                    /home/vagrant/.m2/repository/org/springframework/spring-beans/4.2.2.RELEASE/spring-beans-4.2.2.RELEASE.jar
7f9e18237000-7f9e1823e000 r--s 0003a000 08:01 1586267                    /home/vagrant/.m2/repository/org/springframework/spring-tx/4.2.2.RELEASE/spring-tx-4.2.2.RELEASE.jar
7f9e1823e000-7f9e18248000 r--s 00068000 08:01 1453820                    /home/vagrant/.m2/repository/org/springframework/spring-orm/4.2.2.RELEASE/spring-orm-4.2.2.RELEASE.jar
7f9e18248000-7f9e18258000 r--s 0008c000 08:01 1190432                    /home/vagrant/.m2/repository/org/springframework/data/spring-data-commons/1.11.0.RELEASE/spring-data-commons-1.11.0.RELEASE.jar
7f9e18258000-7f9e1825f000 r--s 00038000 08:01 1190428                    /home/vagrant/.m2/repository/org/springframework/data/spring-data-jpa/1.9.0.RELEASE/spring-data-jpa-1.9.0.RELEASE.jar
7f9e1825f000-7f9e18261000 r--s 00006000 08:01 1450453                    /home/vagrant/.m2/repository/javax/transaction/javax.transaction-api/1.2/javax.transaction-api-1.2.jar
7f9e18261000-7f9e1826b000 r--s 000a5000 08:01 1450463                    /home/vagrant/.m2/repository/org/javassist/javassist/3.18.1-GA/javassist-3.18.1-GA.jar
7f9e1826b000-7f9e18270000 r--s 00017000 08:01 1450433                    /home/vagrant/.m2/repository/org/hibernate/javax/persistence/hibernate-jpa-2.1-api/1.0.0.Final/hibernate-jpa-2.1-api-1.0.0.Final.jar
7f9e18270000-7f9e18273000 r--s 00010000 08:01 1450448                    /home/vagrant/.m2/repository/org/hibernate/common/hibernate-commons-annotations/4.0.5.Final/hibernate-commons-annotations-4.0.5.Final.jar
7f9e18273000-7f9e18278000 r--s 00016000 08:01 1058323                    /home/vagrant/.m2/repository/xml-apis/xml-apis/1.0.b2/xml-apis-1.0.b2.jar
7f9e18278000-7f9e1827d000 r--s 00048000 08:01 1058320                    /home/vagrant/.m2/repository/dom4j/dom4j/1.6.1/dom4j-1.6.1.jar
7f9e1827d000-7f9e1827f000 r--s 00011000 08:01 1450457                    /home/vagrant/.m2/repository/org/jboss/jandex/1.1.0.Final/jandex-1.1.0.Final.jar
7f9e1827f000-7f9e18284000 r--s 00068000 08:01 1058318                    /home/vagrant/.m2/repository/antlr/antlr/2.7.7/antlr-2.7.7.jar
7f9e18284000-7f9e182e2000 r--s 004ac000 08:01 1450449                    /home/vagrant/.m2/repository/org/hibernate/hibernate-core/4.3.11.Final/hibernate-core-4.3.11.Final.jar
7f9e182e2000-7f9e182e3000 r--s 00002000 08:01 1450460                    /home/vagrant/.m2/repository/org/jboss/logging/jboss-logging-annotations/1.2.0.Beta1/jboss-logging-annotations-1.2.0.Beta1.jar
7f9e182e3000-7f9e182e5000 r--s 0000f000 08:01 1317900                    /home/vagrant/.m2/repository/org/jboss/logging/jboss-logging/3.3.0.Final/jboss-logging-3.3.0.Final.jar
7f9e182e5000-7f9e182f3000 r--s 00091000 08:01 1450444                    /home/vagrant/.m2/repository/org/hibernate/hibernate-entitymanager/4.3.11.Final/hibernate-entitymanager-4.3.11.Final.jar
7f9e182f3000-7f9e182fd000 r--s 0005e000 08:01 1319007                    /home/vagrant/.m2/repository/org/springframework/spring-jdbc/4.2.2.RELEASE/spring-jdbc-4.2.2.RELEASE.jar
7f9e182fd000-7f9e182fe000 r--s 00009000 08:01 799615                     /home/vagrant/.m2/repository/org/apache/tomcat/tomcat-juli/8.0.28/tomcat-juli-8.0.28.jar
7f9e182fe000-7f9e18301000 r--s 0001f000 08:01 669924                     /home/vagrant/.m2/repository/org/apache/tomcat/tomcat-jdbc/8.0.28/tomcat-jdbc-8.0.28.jar
7f9e18301000-7f9e18302000 r--s 00000000 08:01 1450438                    /home/vagrant/.m2/repository/org/springframework/boot/spring-boot-starter-jdbc/1.3.0.RELEASE/spring-boot-starter-jdbc-1.3.0.RELEASE.jar
7f9e18302000-7f9e1831b000 r--s 001af000 08:01 1450451                    /home/vagrant/.m2/repository/org/aspectj/aspectjweaver/1.8.7/aspectjweaver-1.8.7.jar
7f9e1831b000-7f9e18324000 r--s 00051000 08:01 1318827                    /home/vagrant/.m2/repository/org/springframework/spring-aop/4.2.2.RELEASE/spring-aop-4.2.2.RELEASE.jar
7f9e18324000-7f9e18325000 r--s 00000000 08:01 1450434                    /home/vagrant/.m2/repository/org/springframework/boot/spring-boot-starter-aop/1.3.0.RELEASE/spring-boot-starter-aop-1.3.0.RELEASE.jar
7f9e18325000-7f9e18326000 r--s 00000000 08:01 1450432                    /home/vagrant/.m2/repository/org/springframework/boot/spring-boot-starter-data-jpa/1.3.0.RELEASE/spring-boot-starter-data-jpa-1.3.0.RELEASE.jar
7f9e18326000-7f9e18328000 r--s 00005000 08:01 1189460                    /home/vagrant/.m2/repository/xpp3/xpp3_min/1.1.4c/xpp3_min-1.1.4c.jar
7f9e18328000-7f9e18329000 r--s 00001000 08:01 1189459                    /home/vagrant/.m2/repository/xmlpull/xmlpull/1.1.3.1/xmlpull-1.1.3.1.jar
7f9e18329000-7f9e18335000 r--s 0006a000 08:01 1586067                    /home/vagrant/.m2/repository/com/thoughtworks/xstream/xstream/1.4.2/xstream-1.4.2.jar
7f9e18335000-7f9e1833b000 r--s 00046000 08:01 1190340                    /home/vagrant/.m2/repository/io/netty/netty-transport/4.0.25.Final/netty-transport-4.0.25.Final.jar
7f9e1833b000-7f9e1833d000 r--s 00027000 08:01 1318941                    /home/vagrant/.m2/repository/io/netty/netty-buffer/4.0.25.Final/netty-buffer-4.0.25.Final.jar
7f9e1833d000-7f9e18345000 r--s 0005f000 08:01 1318937                    /home/vagrant/.m2/repository/io/netty/netty-common/4.0.25.Final/netty-common-4.0.25.Final.jar
7f9e18345000-7f9e18347000 r--s 0000f000 08:01 1453723                    /home/vagrant/.m2/repository/io/netty/netty-transport-native-epoll/4.0.25.Final/netty-transport-native-epoll-4.0.25.Final.jar
7f9e18347000-7f9e1834c000 r--s 00034000 08:01 1453716                    /home/vagrant/.m2/repository/io/netty/netty-handler/4.0.25.Final/netty-handler-4.0.25.Final.jar
7f9e1834c000-7f9e18350000 r--s 0001f000 08:01 1190345                    /home/vagrant/.m2/repository/io/netty/netty-codec/4.0.25.Final/netty-codec-4.0.25.Final.jar
7f9e18350000-7f9e18358000 r--s 0005f000 08:01 1058897                    /home/vagrant/.m2/repository/io/netty/netty-codec-http/4.0.25.Final/netty-codec-http-4.0.25.Final.jar
7f9e18358000-7f9e18396000 r--s 003a2000 08:01 1586055                    /home/vagrant/.m2/repository/com/netflix/eureka/eureka2-client-shaded/2.0.0-rc.2/eureka2-client-shaded-2.0.0-rc.2.jar
7f9e18396000-7f9e18397000 r--s 00005000 08:01 1586051                    /home/vagrant/.m2/repository/com/netflix/ribbon/ribbon-eureka/2.1.0/ribbon-eureka-2.1.0.jar
7f9e18397000-7f9e183aa000 r--s 000b9000 08:01 1453719                    /home/vagrant/.m2/repository/io/reactivex/rxjava/1.0.14/rxjava-1.0.14.jar
7f9e183aa000-7f9e183ac000 r--s 00002000 08:01 1058870                    /home/vagrant/.m2/repository/com/netflix/netflix-commons/netflix-statistics/0.1.1/netflix-statistics-0.1.1.jar
7f9e183ac000-7f9e183af000 r--s 00023000 08:01 1453722                    /home/vagrant/.m2/repository/com/netflix/ribbon/ribbon-loadbalancer/2.1.0/ribbon-loadbalancer-2.1.0.jar
7f9e183af000-7f9e183b0000 r--s 00001000 08:01 1058853                    /home/vagrant/.m2/repository/com/netflix/netflix-commons/netflix-commons-util/0.1.1/netflix-commons-util-0.1.1.jar
7f9e183b0000-7f9e183be000 r--s 0007f000 08:01 1058164                    /home/vagrant/.m2/repository/commons-collections/commons-collections/3.2.1/commons-collections-3.2.1.jar
7f9e183be000-7f9e183c0000 r--s 0000c000 08:01 1586063                    /home/vagrant/.m2/repository/com/netflix/ribbon/ribbon-httpclient/2.1.0/ribbon-httpclient-2.1.0.jar
7f9e183c0000-7f9e183c5000 r--s 00041000 08:01 670501                     /home/vagrant/.m2/repository/commons-lang/commons-lang/2.6/commons-lang-2.6.jar
7f9e183c5000-7f9e183c9000 r--s 00011000 08:01 1318938                    /home/vagrant/.m2/repository/com/netflix/ribbon/ribbon-core/2.1.0/ribbon-core-2.1.0.jar
7f9e183c9000-7f9e183d3000 r--s 00059000 08:01 1058852                    /home/vagrant/.m2/repository/io/reactivex/rxnetty/0.4.9/rxnetty-0.4.9.jar
7f9e183d3000-7f9e183db000 r--s 0003f000 08:01 800727                     /home/vagrant/.m2/repository/com/netflix/hystrix/hystrix-core/1.4.18/hystrix-core-1.4.18.jar
7f9e183db000-7f9e183dd000 r--s 00006000 08:01 1190293                    /home/vagrant/.m2/repository/io/reactivex/rxnetty-servo/0.4.9/rxnetty-servo-0.4.9.jar
7f9e183dd000-7f9e183e0000 r--s 0000b000 08:01 1058855                    /home/vagrant/.m2/repository/io/reactivex/rxnetty-contexts/0.4.9/rxnetty-contexts-0.4.9.jar
7f9e183e0000-7f9e183e1000 r--s 00009000 08:01 1318939                    /home/vagrant/.m2/repository/com/netflix/ribbon/ribbon-transport/2.1.0/ribbon-transport-2.1.0.jar
7f9e183e1000-7f9e183e4000 r--s 00013000 08:01 800725                     /home/vagrant/.m2/repository/com/netflix/ribbon/ribbon/2.1.0/ribbon-2.1.0.jar
7f9e183e4000-7f9e183e5000 r--s 00000000 08:01 1586039                    /home/vagrant/.m2/repository/org/springframework/cloud/spring-cloud-starter-ribbon/1.1.0.M2/spring-cloud-starter-ribbon-1.1.0.M2.jar
7f9e183e5000-7f9e183e9000 r--s 0003c000 08:01 1450314                    /home/vagrant/.m2/repository/com/fasterxml/jackson/core/jackson-core/2.6.3/jackson-core-2.6.3.jar
7f9e183e9000-7f9e183ec000 r--s 00006000 08:01 1190338                    /home/vagrant/.m2/repository/com/google/code/findbugs/jsr305/3.0.0/jsr305-3.0.0.jar
7f9e183ec000-7f9e183ee000 r--s 00003000 08:01 1190335                    /home/vagrant/.m2/repository/com/netflix/governator/governator-annotations/1.7.5/governator-annotations-1.7.5.jar
7f9e183ee000-7f9e183f0000 r--s 00000000 08:01 1450018                    /home/vagrant/.m2/repository/aopalliance/aopalliance/1.0/aopalliance-1.0.jar
7f9e183f0000-7f9e183f1000 r--s 00000000 08:01 1450014                    /home/vagrant/.m2/repository/javax/inject/javax.inject/1/javax.inject-1.jar
7f9e183f1000-7f9e183ff000 r--s 00096000 08:01 800694                     /home/vagrant/.m2/repository/com/google/inject/guice/4.0/guice-4.0.jar
7f9e183ff000-7f9e18406000 r--s 0003a000 08:01 928672                     /home/vagrant/.m2/repository/commons-codec/commons-codec/1.9/commons-codec-1.9.jar
7f9e18406000-7f9e1840d000 r--s 00049000 08:01 1586041                    /home/vagrant/.m2/repository/org/apache/httpcomponents/httpcore/4.4.4/httpcore-4.4.4.jar
7f9e1840d000-7f9e1841a000 r--s 000a6000 08:01 1586057                    /home/vagrant/.m2/repository/org/apache/httpcomponents/httpclient/4.5.1/httpclient-4.5.1.jar
7f9e1841a000-7f9e1841c000 r--s 00003000 08:01 1586068                    /home/vagrant/.m2/repository/com/sun/jersey/contribs/jersey-apache-client4/1.19/jersey-apache-client4-1.19.jar
7f9e1841c000-7f9e1841f000 r--s 0001e000 08:01 1586066                    /home/vagrant/.m2/repository/com/sun/jersey/jersey-client/1.19/jersey-client-1.19.jar
7f9e1841f000-7f9e18429000 r--s 00061000 08:01 1586064                    /home/vagrant/.m2/repository/com/sun/jersey/jersey-core/1.19/jersey-core-1.19.jar
7f9e18429000-7f9e1842d000 r--s 00027000 08:01 1586052                    /home/vagrant/.m2/repository/com/netflix/servo/servo-internal/0.9.4/servo-internal-0.9.4.jar
7f9e1842d000-7f9e18432000 r--s 00032000 08:01 1586054                    /home/vagrant/.m2/repository/com/netflix/servo/servo-core/0.9.4/servo-core-0.9.4.jar
7f9e18432000-7f9e18434000 r--s 0000a000 08:01 1058839                    /home/vagrant/.m2/repository/javax/ws/rs/jsr311-api/1.1.1/jsr311-api-1.1.1.jar
7f9e18434000-7f9e1845f000 r--s 001fc000 08:01 799590                     /home/vagrant/.m2/repository/com/google/guava/guava/18.0/guava-18.0.jar
7f9e1845f000-7f9e18461000 r--s 0000e000 08:01 1586050                    /home/vagrant/.m2/repository/commons-logging/commons-logging/1.1.3/commons-logging-1.1.3.jar
7f9e18461000-7f9e18468000 r--s 00050000 08:01 670485                     /home/vagrant/.m2/repository/commons-configuration/commons-configuration/1.8/commons-configuration-1.8.jar
7f9e18468000-7f9e1846c000 r--s 0001e000 08:01 1586061                    /home/vagrant/.m2/repository/com/netflix/archaius/archaius-core/0.7.1/archaius-core-0.7.1.jar
7f9e1846c000-7f9e1846e000 r--s 0000f000 08:01 1453713                    /home/vagrant/.m2/repository/com/netflix/netflix-commons/netflix-eventbus/0.1.2/netflix-eventbus-0.1.2.jar
7f9e1846e000-7f9e18470000 r--s 00005000 08:01 670475                     /home/vagrant/.m2/repository/stax/stax-api/1.0.1/stax-api-1.0.1.jar
7f9e18470000-7f9e18473000 r--s 00012000 08:01 670473                     /home/vagrant/.m2/repository/org/codehaus/jettison/jettison/1.3.7/jettison-1.3.7.jar
7f9e18473000-7f9e18479000 r--s 0003e000 08:01 670533                     /home/vagrant/.m2/repository/com/netflix/eureka/eureka-client/1.2.5/eureka-client-1.2.5.jar
7f9e18479000-7f9e18480000 r--s 0003a000 08:01 1586042                    /home/vagrant/.m2/repository/org/springframework/cloud/spring-cloud-netflix-core/1.1.0.M2/spring-cloud-netflix-core-1.1.0.M2.jar
7f9e18480000-7f9e18483000 r--s 0000a000 08:01 1586034                    /home/vagrant/.m2/repository/org/springframework/cloud/spring-cloud-commons/1.1.0.M2/spring-cloud-commons-1.1.0.M2.jar
7f9e18483000-7f9e18485000 r--s 00009000 08:01 1318935                    /home/vagrant/.m2/repository/org/springframework/security/spring-security-crypto/4.0.2.RELEASE/spring-security-crypto-4.0.2.RELEASE.jar
7f9e18485000-7f9e18489000 r--s 00011000 08:01 1586036                    /home/vagrant/.m2/repository/org/springframework/cloud/spring-cloud-context/1.1.0.M2/spring-cloud-context-1.1.0.M2.jar
7f9e18489000-7f9e1848a000 r--s 00000000 08:01 1586033                    /home/vagrant/.m2/repository/org/springframework/cloud/spring-cloud-starter/1.1.0.M2/spring-cloud-starter-1.1.0.M2.jar
7f9e1848a000-7f9e1849b000 r--s 000c5000 08:01 1453572                    /home/vagrant/.m2/repository/org/springframework/spring-webmvc/4.2.2.RELEASE/spring-webmvc-4.2.2.RELEASE.jar
7f9e1849b000-7f9e184ac000 r--s 000ab000 08:01 1318826                    /home/vagrant/.m2/repository/org/springframework/spring-web/4.2.2.RELEASE/spring-web-4.2.2.RELEASE.jar
7f9e184ac000-7f9e184ad000 r--s 00000000 08:01 1450291                    /home/vagrant/.m2/repository/org/springframework/boot/spring-boot-starter-validation/1.3.0.RELEASE/spring-boot-starter-validation-1.3.0.RELEASE.jar
7f9e184ad000-7f9e184b3000 r--s 00036000 08:01 799608                     /home/vagrant/.m2/repository/org/apache/tomcat/embed/tomcat-embed-websocket/8.0.28/tomcat-embed-websocket-8.0.28.jar
7f9e184b3000-7f9e184b4000 r--s 00009000 08:01 669918                     /home/vagrant/.m2/repository/org/apache/tomcat/embed/tomcat-embed-logging-juli/8.0.28/tomcat-embed-logging-juli-8.0.28.jar
7f9e184b4000-7f9e184b9000 r--s 00036000 08:01 532248                     /home/vagrant/.m2/repository/org/apache/tomcat/embed/tomcat-embed-el/8.0.28/tomcat-embed-el-8.0.28.jar
7f9e184b9000-7f9e184de000 r--s 0028c000 08:01 532244                     /home/vagrant/.m2/repository/org/apache/tomcat/embed/tomcat-embed-core/8.0.28/tomcat-embed-core-8.0.28.jar
7f9e184de000-7f9e184e3000 r--s 0003c000 08:01 1318822                    /home/vagrant/.m2/repository/org/springframework/spring-expression/4.2.2.RELEASE/spring-expression-4.2.2.RELEASE.jar
7f9e184e3000-7f9e184fc000 r--s 000f1000 08:01 1318833                    /home/vagrant/.m2/repository/org/springframework/spring-context/4.2.2.RELEASE/spring-context-4.2.2.RELEASE.jar
7f9e184fc000-7f9e184fd000 ---p 00000000 00:00 0 
7f9e184fd000-7f9e185fd000 rw-p 00000000 00:00 0                          [stack:10327]
7f9e185fd000-7f9e18600000 ---p 00000000 00:00 0 
7f9e18600000-7f9e186fe000 rw-p 00000000 00:00 0                          [stack:10326]
7f9e186fe000-7f9e18701000 ---p 00000000 00:00 0 
7f9e18701000-7f9e187ff000 rw-p 00000000 00:00 0                          [stack:10325]
7f9e187ff000-7f9e18802000 ---p 00000000 00:00 0 
7f9e18802000-7f9e18900000 rw-p 00000000 00:00 0                          [stack:10324]
7f9e18900000-7f9e18903000 ---p 00000000 00:00 0 
7f9e18903000-7f9e18a01000 rw-p 00000000 00:00 0                          [stack:10323]
7f9e18a01000-7f9e18b8a000 r--p 00000000 08:01 48047                      /usr/lib/locale/locale-archive
7f9e18b8a000-7f9e18b8d000 ---p 00000000 00:00 0 
7f9e18b8d000-7f9e18c8b000 rw-p 00000000 00:00 0                          [stack:10322]
7f9e18c8b000-7f9e18c8e000 ---p 00000000 00:00 0 
7f9e18c8e000-7f9e18d8c000 rw-p 00000000 00:00 0                          [stack:10321]
7f9e18d8c000-7f9e18d8d000 ---p 00000000 00:00 0 
7f9e18d8d000-7f9e1d000000 rw-p 00000000 00:00 0                          [stack:10320]
7f9e1d000000-7f9e1daa0000 rwxp 00000000 00:00 0 
7f9e1daa0000-7f9e2c000000 ---p 00000000 00:00 0 
7f9e2c000000-7f9e2d34d000 rw-p 00000000 00:00 0 
7f9e2d34d000-7f9e30000000 ---p 00000000 00:00 0 
7f9e30000000-7f9e30001000 r--s 00000000 08:01 1450282                    /home/vagrant/.m2/repository/org/springframework/boot/spring-boot-starter-tomcat/1.3.0.RELEASE/spring-boot-starter-tomcat-1.3.0.RELEASE.jar
7f9e30001000-7f9e30002000 r--s 00000000 08:01 1450277                    /home/vagrant/.m2/repository/org/springframework/boot/spring-boot-starter-web/1.3.0.RELEASE/spring-boot-starter-web-1.3.0.RELEASE.jar
7f9e30002000-7f9e3000f000 r--s 00060000 08:01 1586252                    /home/vagrant/.m2/repository/org/springframework/boot/spring-boot-actuator/1.3.0.RELEASE/spring-boot-actuator-1.3.0.RELEASE.jar
7f9e3000f000-7f9e30015000 r--s 0003c000 08:01 1318110                    /home/vagrant/.m2/repository/org/yaml/snakeyaml/1.16/snakeyaml-1.16.jar
7f9e30015000-7f9e30020000 r--s 00065000 08:01 1450293                    /home/vagrant/.m2/repository/ch/qos/logback/logback-core/1.1.3/logback-core-1.1.3.jar
7f9e30020000-7f9e30026000 r--s 0003f000 08:01 1450292                    /home/vagrant/.m2/repository/ch/qos/logback/logback-classic/1.1.3/logback-classic-1.1.3.jar
7f9e30026000-7f9e3003d000 r--s 0009e000 08:01 1450288                    /home/vagrant/.m2/repository/org/springframework/boot/spring-boot-autoconfigure/1.3.0.RELEASE/spring-boot-autoconfigure-1.3.0.RELEASE.jar
7f9e3003d000-7f9e30643000 rw-p 00000000 00:00 0 
7f9e30643000-7f9e3081d000 r--s 03d4d000 08:01 409969                     /usr/lib/jvm/java-8-oracle/jre/lib/rt.jar
7f9e3081d000-7f9e3147a000 rw-p 00000000 00:00 0 
7f9e3147a000-7f9e3147b000 ---p 00000000 00:00 0 
7f9e3147b000-7f9e3157b000 rw-p 00000000 00:00 0                          [stack:10319]
7f9e3157b000-7f9e3157c000 ---p 00000000 00:00 0 
7f9e3157c000-7f9e3169a000 rw-p 00000000 00:00 0                          [stack:10318]
7f9e3169a000-7f9e31916000 ---p 00000000 00:00 0 
7f9e31916000-7f9e31934000 rw-p 00000000 00:00 0 
7f9e31934000-7f9e31bb0000 ---p 00000000 00:00 0 
7f9e31bb0000-7f9e31c3b000 rw-p 00000000 00:00 0 
7f9e31c3b000-7f9e31cfd000 ---p 00000000 00:00 0 
7f9e31cfd000-7f9e31d29000 rw-p 00000000 00:00 0 
7f9e31d29000-7f9e320be000 ---p 00000000 00:00 0 
7f9e320be000-7f9e320d8000 r-xp 00000000 08:01 410197                     /usr/lib/jvm/java-8-oracle/jre/lib/amd64/libzip.so
7f9e320d8000-7f9e322d8000 ---p 0001a000 08:01 410197                     /usr/lib/jvm/java-8-oracle/jre/lib/amd64/libzip.so
7f9e322d8000-7f9e322d9000 rw-p 0001a000 08:01 410197                     /usr/lib/jvm/java-8-oracle/jre/lib/amd64/libzip.so
7f9e322d9000-7f9e322e4000 r-xp 00000000 08:01 3146                       /lib/x86_64-linux-gnu/libnss_files-2.19.so
7f9e322e4000-7f9e324e3000 ---p 0000b000 08:01 3146                       /lib/x86_64-linux-gnu/libnss_files-2.19.so
7f9e324e3000-7f9e324e4000 r--p 0000a000 08:01 3146                       /lib/x86_64-linux-gnu/libnss_files-2.19.so
7f9e324e4000-7f9e324e5000 rw-p 0000b000 08:01 3146                       /lib/x86_64-linux-gnu/libnss_files-2.19.so
7f9e324e5000-7f9e324f0000 r-xp 00000000 08:01 3126                       /lib/x86_64-linux-gnu/libnss_nis-2.19.so
7f9e324f0000-7f9e326ef000 ---p 0000b000 08:01 3126                       /lib/x86_64-linux-gnu/libnss_nis-2.19.so
7f9e326ef000-7f9e326f0000 r--p 0000a000 08:01 3126                       /lib/x86_64-linux-gnu/libnss_nis-2.19.so
7f9e326f0000-7f9e326f1000 rw-p 0000b000 08:01 3126                       /lib/x86_64-linux-gnu/libnss_nis-2.19.so
7f9e326f1000-7f9e32708000 r-xp 00000000 08:01 3177                       /lib/x86_64-linux-gnu/libnsl-2.19.so
7f9e32708000-7f9e32907000 ---p 00017000 08:01 3177                       /lib/x86_64-linux-gnu/libnsl-2.19.so
7f9e32907000-7f9e32908000 r--p 00016000 08:01 3177                       /lib/x86_64-linux-gnu/libnsl-2.19.so
7f9e32908000-7f9e32909000 rw-p 00017000 08:01 3177                       /lib/x86_64-linux-gnu/libnsl-2.19.so
7f9e32909000-7f9e3290b000 rw-p 00000000 00:00 0 
7f9e3290b000-7f9e32914000 r-xp 00000000 08:01 3092                       /lib/x86_64-linux-gnu/libnss_compat-2.19.so
7f9e32914000-7f9e32b13000 ---p 00009000 08:01 3092                       /lib/x86_64-linux-gnu/libnss_compat-2.19.so
7f9e32b13000-7f9e32b14000 r--p 00008000 08:01 3092                       /lib/x86_64-linux-gnu/libnss_compat-2.19.so
7f9e32b14000-7f9e32b15000 rw-p 00009000 08:01 3092                       /lib/x86_64-linux-gnu/libnss_compat-2.19.so
7f9e32b15000-7f9e32b40000 r-xp 00000000 08:01 410219                     /usr/lib/jvm/java-8-oracle/jre/lib/amd64/libjava.so
7f9e32b40000-7f9e32d3f000 ---p 0002b000 08:01 410219                     /usr/lib/jvm/java-8-oracle/jre/lib/amd64/libjava.so
7f9e32d3f000-7f9e32d41000 rw-p 0002a000 08:01 410219                     /usr/lib/jvm/java-8-oracle/jre/lib/amd64/libjava.so
7f9e32d41000-7f9e32d4e000 r-xp 00000000 08:01 410163                     /usr/lib/jvm/java-8-oracle/jre/lib/amd64/libverify.so
7f9e32d4e000-7f9e32f4e000 ---p 0000d000 08:01 410163                     /usr/lib/jvm/java-8-oracle/jre/lib/amd64/libverify.so
7f9e32f4e000-7f9e32f50000 rw-p 0000d000 08:01 410163                     /usr/lib/jvm/java-8-oracle/jre/lib/amd64/libverify.so
7f9e32f50000-7f9e32f57000 r-xp 00000000 08:01 3150                       /lib/x86_64-linux-gnu/librt-2.19.so
7f9e32f57000-7f9e33156000 ---p 00007000 08:01 3150                       /lib/x86_64-linux-gnu/librt-2.19.so
7f9e33156000-7f9e33157000 r--p 00006000 08:01 3150                       /lib/x86_64-linux-gnu/librt-2.19.so
7f9e33157000-7f9e33158000 rw-p 00007000 08:01 3150                       /lib/x86_64-linux-gnu/librt-2.19.so
7f9e33158000-7f9e3325d000 r-xp 00000000 08:01 3210                       /lib/x86_64-linux-gnu/libm-2.19.so
7f9e3325d000-7f9e3345c000 ---p 00105000 08:01 3210                       /lib/x86_64-linux-gnu/libm-2.19.so
7f9e3345c000-7f9e3345d000 r--p 00104000 08:01 3210                       /lib/x86_64-linux-gnu/libm-2.19.so
7f9e3345d000-7f9e3345e000 rw-p 00105000 08:01 3210                       /lib/x86_64-linux-gnu/libm-2.19.so
7f9e3345e000-7f9e34131000 r-xp 00000000 08:01 410204                     /usr/lib/jvm/java-8-oracle/jre/lib/amd64/server/libjvm.so
7f9e34131000-7f9e34330000 ---p 00cd3000 08:01 410204                     /usr/lib/jvm/java-8-oracle/jre/lib/amd64/server/libjvm.so
7f9e34330000-7f9e3440a000 rw-p 00cd2000 08:01 410204                     /usr/lib/jvm/java-8-oracle/jre/lib/amd64/server/libjvm.so
7f9e3440a000-7f9e34455000 rw-p 00000000 00:00 0 
7f9e34455000-7f9e34610000 r-xp 00000000 08:01 3198                       /lib/x86_64-linux-gnu/libc-2.19.so
7f9e34610000-7f9e3480f000 ---p 001bb000 08:01 3198                       /lib/x86_64-linux-gnu/libc-2.19.so
7f9e3480f000-7f9e34813000 r--p 001ba000 08:01 3198                       /lib/x86_64-linux-gnu/libc-2.19.so
7f9e34813000-7f9e34815000 rw-p 001be000 08:01 3198                       /lib/x86_64-linux-gnu/libc-2.19.so
7f9e34815000-7f9e3481a000 rw-p 00000000 00:00 0 
7f9e3481a000-7f9e3481d000 r-xp 00000000 08:01 3080                       /lib/x86_64-linux-gnu/libdl-2.19.so
7f9e3481d000-7f9e34a1c000 ---p 00003000 08:01 3080                       /lib/x86_64-linux-gnu/libdl-2.19.so
7f9e34a1c000-7f9e34a1d000 r--p 00002000 08:01 3080                       /lib/x86_64-linux-gnu/libdl-2.19.so
7f9e34a1d000-7f9e34a1e000 rw-p 00003000 08:01 3080                       /lib/x86_64-linux-gnu/libdl-2.19.so
7f9e34a1e000-7f9e34a33000 r-xp 00000000 08:01 410196                     /usr/lib/jvm/java-8-oracle/jre/lib/amd64/jli/libjli.so
7f9e34a33000-7f9e34c33000 ---p 00015000 08:01 410196                     /usr/lib/jvm/java-8-oracle/jre/lib/amd64/jli/libjli.so
7f9e34c33000-7f9e34c34000 rw-p 00015000 08:01 410196                     /usr/lib/jvm/java-8-oracle/jre/lib/amd64/jli/libjli.so
7f9e34c34000-7f9e34c4d000 r-xp 00000000 08:01 3108                       /lib/x86_64-linux-gnu/libpthread-2.19.so
7f9e34c4d000-7f9e34e4c000 ---p 00019000 08:01 3108                       /lib/x86_64-linux-gnu/libpthread-2.19.so
7f9e34e4c000-7f9e34e4d000 r--p 00018000 08:01 3108                       /lib/x86_64-linux-gnu/libpthread-2.19.so
7f9e34e4d000-7f9e34e4e000 rw-p 00019000 08:01 3108                       /lib/x86_64-linux-gnu/libpthread-2.19.so
7f9e34e4e000-7f9e34e52000 rw-p 00000000 00:00 0 
7f9e34e52000-7f9e34e75000 r-xp 00000000 08:01 3213                       /lib/x86_64-linux-gnu/ld-2.19.so
7f9e34e75000-7f9e34e76000 r--s 00000000 08:01 1586030                    /home/vagrant/.m2/repository/org/springframework/cloud/spring-cloud-starter-eureka/1.1.0.M2/spring-cloud-starter-eureka-1.1.0.M2.jar
7f9e34e76000-7f9e34e77000 r--s 00005000 08:01 1450303                    /home/vagrant/.m2/repository/org/slf4j/log4j-over-slf4j/1.7.13/log4j-over-slf4j-1.7.13.jar
7f9e34e77000-7f9e34e79000 r--s 00000000 08:01 1450300                    /home/vagrant/.m2/repository/org/slf4j/jul-to-slf4j/1.7.13/jul-to-slf4j-1.7.13.jar
7f9e34e79000-7f9e34e7a000 r--s 00000000 08:01 1450280                    /home/vagrant/.m2/repository/org/springframework/boot/spring-boot-starter-logging/1.3.0.RELEASE/spring-boot-starter-logging-1.3.0.RELEASE.jar
7f9e34e7a000-7f9e34e87000 r--s 00076000 08:01 1450279                    /home/vagrant/.m2/repository/org/springframework/boot/spring-boot/1.3.0.RELEASE/spring-boot-1.3.0.RELEASE.jar
7f9e34e87000-7f9e34e88000 r--s 00000000 08:01 1450283                    /home/vagrant/.m2/repository/org/springframework/boot/spring-boot-starter/1.3.0.RELEASE/spring-boot-starter-1.3.0.RELEASE.jar
7f9e34e88000-7f9e34e8d000 r--s 00020000 08:01 1189651                    /home/vagrant/.m2/repository/org/apache/maven/surefire/surefire-api/2.18.1/surefire-api-2.18.1.jar
7f9e34e8d000-7f9e34e8f000 r--s 00008000 08:01 1189649                    /home/vagrant/.m2/repository/org/apache/maven/surefire/surefire-booter/2.18.1/surefire-booter-2.18.1.jar
7f9e34e8f000-7f9e34f61000 rw-p 00000000 00:00 0 
7f9e34f61000-7f9e34f64000 ---p 00000000 00:00 0 
7f9e34f64000-7f9e35066000 rw-p 00000000 00:00 0                          [stack:10317]
7f9e35066000-7f9e35067000 r--s 00000000 08:01 1586260                    /home/vagrant/.m2/repository/org/springframework/boot/spring-boot-starter-actuator/1.3.0.RELEASE/spring-boot-starter-actuator-1.3.0.RELEASE.jar
7f9e35067000-7f9e35068000 r--s 00003000 08:01 1454306                    /home/vagrant/workspace/cs504-1703-week4-spring-cloud-nike-running-for-students/running-location-service/target/surefire/surefirebooter5685557229718343943.jar
7f9e35068000-7f9e35070000 rw-s 00000000 08:01 277864                     /tmp/hsperfdata_vagrant/10314
7f9e35070000-7f9e35071000 rw-p 00000000 00:00 0 
7f9e35071000-7f9e35072000 ---p 00000000 00:00 0 
7f9e35072000-7f9e35074000 rw-p 00000000 00:00 0 
7f9e35074000-7f9e35075000 r--p 00022000 08:01 3213                       /lib/x86_64-linux-gnu/ld-2.19.so
7f9e35075000-7f9e35076000 rw-p 00023000 08:01 3213                       /lib/x86_64-linux-gnu/ld-2.19.so
7f9e35076000-7f9e35077000 rw-p 00000000 00:00 0 
7ffec1e33000-7ffec1e54000 rw-p 00000000 00:00 0                          [stack]
7ffec1e8e000-7ffec1e90000 r-xp 00000000 00:00 0                          [vdso]
ffffffffff600000-ffffffffff601000 r-xp 00000000 00:00 0                  [vsyscall]

VM Arguments:
java_command: /home/vagrant/workspace/cs504-1703-week4-spring-cloud-nike-running-for-students/running-location-service/target/surefire/surefirebooter5685557229718343943.jar /home/vagrant/workspace/cs504-1703-week4-spring-cloud-nike-running-for-students/running-location-service/target/surefire/surefire7625099360064170204tmp /home/vagrant/workspace/cs504-1703-week4-spring-cloud-nike-running-for-students/running-location-service/target/surefire/surefire_03437040923751012163tmp
java_class_path (initial): /home/vagrant/workspace/cs504-1703-week4-spring-cloud-nike-running-for-students/running-location-service/target/surefire/surefirebooter5685557229718343943.jar
Launcher Type: SUN_STANDARD

Environment Variables:
JAVA_HOME=/usr/lib/jvm/java-8-oracle
PATH=/usr/local/sbin:/usr/local/bin:/usr/sbin:/usr/bin:/sbin:/bin:/usr/games:/usr/local/games:/usr/lib/jvm/java-8-oracle/bin:/usr/lib/jvm/java-8-oracle/db/bin:/usr/lib/jvm/java-8-oracle/jre/bin
SHELL=/bin/zsh
DISPLAY=:0.0

Signal Handlers:
SIGSEGV: [libjvm.so+0xacba10], sa_mask[0]=11111111011111111101111111111110, sa_flags=SA_RESTART|SA_SIGINFO
SIGBUS: [libjvm.so+0xacba10], sa_mask[0]=11111111011111111101111111111110, sa_flags=SA_RESTART|SA_SIGINFO
SIGFPE: [libjvm.so+0x924ba0], sa_mask[0]=11111111011111111101111111111110, sa_flags=SA_RESTART|SA_SIGINFO
SIGPIPE: [libjvm.so+0x924ba0], sa_mask[0]=11111111011111111101111111111110, sa_flags=SA_RESTART|SA_SIGINFO
SIGXFSZ: [libjvm.so+0x924ba0], sa_mask[0]=11111111011111111101111111111110, sa_flags=SA_RESTART|SA_SIGINFO
SIGILL: [libjvm.so+0x924ba0], sa_mask[0]=11111111011111111101111111111110, sa_flags=SA_RESTART|SA_SIGINFO
SIGUSR1: SIG_DFL, sa_mask[0]=00000000000000000000000000000000, sa_flags=none
SIGUSR2: [libjvm.so+0x9263e0], sa_mask[0]=00100000000000000000000000000000, sa_flags=SA_RESTART|SA_SIGINFO
SIGHUP: [libjvm.so+0x9277e0], sa_mask[0]=11111111011111111101111111111110, sa_flags=SA_RESTART|SA_SIGINFO
SIGINT: [libjvm.so+0x9277e0], sa_mask[0]=11111111011111111101111111111110, sa_flags=SA_RESTART|SA_SIGINFO
SIGTERM: [libjvm.so+0x9277e0], sa_mask[0]=11111111011111111101111111111110, sa_flags=SA_RESTART|SA_SIGINFO
SIGQUIT: [libjvm.so+0x9277e0], sa_mask[0]=11111111011111111101111111111110, sa_flags=SA_RESTART|SA_SIGINFO


---------------  S Y S T E M  ---------------

OS:DISTRIB_ID=Ubuntu
DISTRIB_RELEASE=14.04
DISTRIB_CODENAME=trusty
DISTRIB_DESCRIPTION="Ubuntu 14.04.3 LTS"

uname:Linux 3.13.0-74-generic #118-Ubuntu SMP Thu Dec 17 22:52:10 UTC 2015 x86_64
libc:glibc 2.19 NPTL 2.19 
rlimit: STACK 8192k, CORE 0k, NPROC 63715, NOFILE 4096, AS infinity
load average:0.75 0.44 0.60

/proc/meminfo:
MemTotal:        8176976 kB
MemFree:          106096 kB
Buffers:             724 kB
Cached:            93056 kB
SwapCached:            0 kB
Active:          7816964 kB
Inactive:          89620 kB
Active(anon):    7813256 kB
Inactive(anon):    65928 kB
Active(file):       3708 kB
Inactive(file):    23692 kB
Unevictable:          32 kB
Mlocked:              32 kB
SwapTotal:             0 kB
SwapFree:              0 kB
Dirty:               472 kB
Writeback:             0 kB
AnonPages:       7813004 kB
Mapped:            73808 kB
Shmem:             66144 kB
Slab:              49344 kB
SReclaimable:      23916 kB
SUnreclaim:        25428 kB
KernelStack:        5896 kB
PageTables:        42944 kB
NFS_Unstable:          0 kB
Bounce:                0 kB
WritebackTmp:          0 kB
CommitLimit:     4088488 kB
Committed_AS:   11417368 kB
VmallocTotal:   34359738367 kB
VmallocUsed:       78896 kB
VmallocChunk:   34359653368 kB
HardwareCorrupted:     0 kB
AnonHugePages:   5373952 kB
HugePages_Total:       0
HugePages_Free:        0
HugePages_Rsvd:        0
HugePages_Surp:        0
Hugepagesize:       2048 kB
DirectMap4k:       67520 kB
DirectMap2M:     8321024 kB


CPU:total 2 (initial active 2) (2 cores per cpu, 1 threads per core) family 6 model 158 stepping 9, cmov, cx8, fxsr, mmx, sse, sse2, sse3, ssse3, sse4.1, sse4.2, popcnt, avx, aes, clmul, 3dnowpref, lzcnt, tsc, tscinvbit

/proc/cpuinfo:
processor	: 0
vendor_id	: GenuineIntel
cpu family	: 6
model		: 158
model name	: Intel(R) Core(TM) i7-7700 CPU @ 3.60GHz
stepping	: 9
cpu MHz		: 3599.731
cache size	: 8192 KB
physical id	: 0
siblings	: 2
core id		: 0
cpu cores	: 2
apicid		: 0
initial apicid	: 0
fpu		: yes
fpu_exception	: yes
cpuid level	: 22
wp		: yes
flags		: fpu vme de pse tsc msr pae mce cx8 apic sep mtrr pge mca cmov pat pse36 clflush mmx fxsr sse sse2 ht syscall nx rdtscp lm constant_tsc rep_good nopl xtopology nonstop_tsc pni pclmulqdq ssse3 cx16 sse4_1 sse4_2 movbe popcnt aes xsave avx rdrand lahf_lm abm 3dnowprefetch rdseed
bogomips	: 7199.46
clflush size	: 64
cache_alignment	: 64
address sizes	: 39 bits physical, 48 bits virtual
power management:

processor	: 1
vendor_id	: GenuineIntel
cpu family	: 6
model		: 158
model name	: Intel(R) Core(TM) i7-7700 CPU @ 3.60GHz
stepping	: 9
cpu MHz		: 3599.731
cache size	: 8192 KB
physical id	: 0
siblings	: 2
core id		: 1
cpu cores	: 2
apicid		: 1
initial apicid	: 1
fpu		: yes
fpu_exception	: yes
cpuid level	: 22
wp		: yes
flags		: fpu vme de pse tsc msr pae mce cx8 apic sep mtrr pge mca cmov pat pse36 clflush mmx fxsr sse sse2 ht syscall nx rdtscp lm constant_tsc rep_good nopl xtopology nonstop_tsc pni pclmulqdq ssse3 cx16 sse4_1 sse4_2 movbe popcnt aes xsave avx rdrand lahf_lm abm 3dnowprefetch rdseed
bogomips	: 7199.46
clflush size	: 64
cache_alignment	: 64
address sizes	: 39 bits physical, 48 bits virtual
power management:



Memory: 4k page, physical 8176976k(105848k free), swap 0k(0k free)

vm_info: Java HotSpot(TM) 64-Bit Server VM (25.144-b01) for linux-amd64 JRE (1.8.0_144-b01), built on Jul 21 2017 21:57:33 by "java_re" with gcc 4.3.0 20080428 (Red Hat 4.3.0-8)

time: Sun Aug 27 00:17:24 2017
elapsed time: 4 seconds (0d 0h 0m 4s)

